d:\c#\consoleapplication2\consoleapplication2\debug\vc143.pdb
d:\c#\consoleapplication2\consoleapplication2\debug\vc143.idb
d:\c#\consoleapplication2\consoleapplication2\debug\movementcomponent.obj
d:\c#\consoleapplication2\consoleapplication2\debug\class.obj
d:\c#\consoleapplication2\consoleapplication2\debug\button.obj
d:\c#\consoleapplication2\consoleapplication2\debug\balls.obj
d:\c#\consoleapplication2\consoleapplication2\debug\animation.obj
d:\c#\consoleapplication2\consoleapplication2\debug\state.obj
d:\c#\consoleapplication2\consoleapplication2\debug\mainmenustate.obj
d:\c#\consoleapplication2\consoleapplication2\debug\main.obj
d:\c#\consoleapplication2\consoleapplication2\debug\pausemenu.obj
d:\c#\consoleapplication2\consoleapplication2\debug\gamestate.obj
d:\c#\consoleapplication2\consoleapplication2\debug\game.obj
d:\c#\consoleapplication2\consoleapplication2\debug\player.obj
d:\c#\consoleapplication2\consoleapplication2\debug\entity.obj
d:\c#\consoleapplication2\consoleapplication2\debug\view.obj
d:\c#\consoleapplication2\debug\consoleapplication2.exe
d:\c#\consoleapplication2\consoleapplication2\debug\consoleapplication2.ilk
d:\c#\consoleapplication2\debug\consoleapplication2.pdb
d:\c#\consoleapplication2\consoleapplication2\debug\consoleapplication2.obj
d:\c#\consoleapplication2\consoleapplication2\debug\entity.obj.enc
d:\c#\consoleapplication2\consoleapplication2\debug\consolea.d3321adf.tlog\cl.command.1.tlog
d:\c#\consoleapplication2\consoleapplication2\debug\consolea.d3321adf.tlog\cl.read.1.tlog
d:\c#\consoleapplication2\consoleapplication2\debug\consolea.d3321adf.tlog\cl.write.1.tlog
d:\c#\consoleapplication2\consoleapplication2\debug\consolea.d3321adf.tlog\link.command.1.tlog
d:\c#\consoleapplication2\consoleapplication2\debug\consolea.d3321adf.tlog\link.read.1.tlog
d:\c#\consoleapplication2\consoleapplication2\debug\consolea.d3321adf.tlog\link.write.1.tlog
